Started by user [8mha:AAAAlh+LCAAAAAAAAABb85aBtbiIQTGjNKU4P08vOT+vOD8nVc83PyU1x6OyILUoJzMv2y+/JJUBAhiZGBgqihhk0NSjKDWzXb3RdlLBUSYGJk8GtpzUvPSSDB8G5tKinBIGIZ+sxLJE/ZzEvHT94JKizLx0a6BxUmjGOUNodHsLgAzOEgYu/dLi1CL9vNKcHACFIKlWvwAAAA==[0manonymous
Building in workspace /Users/Thoughtworker/Downloads/hours-lost/work/jobs/test123/workspace
0hours, 4mins, 53secs
[workspace] $ cmd /c call /var/folders/3p/p2c_7fv14tb21zgsqnp0c8h80000gp/T/hudson7606603274700986718.bat
FATAL: command execution failed
[8mha:AAAAWB+LCAAAAAAAAABb85aBtbiIQSmjNKU4P08vOT+vOD8nVc8DzHWtSE4tKMnMz/PLL0ldFVf2c+b/lb5MDAwVRQxSaBqcITRIIQMEMIIUFgAAckCEiWAAAAA=[0mjava.io.IOException: Cannot run program "cmd" (in directory "/Users/Thoughtworker/Downloads/hours-lost/work/jobs/test123/workspace"): error=2, No such file or directory
	at java.lang.ProcessBuilder.processException(ProcessBuilder.java:478)
	at java.lang.ProcessBuilder.start(ProcessBuilder.java:457)
	at hudson.Proc$LocalProc.<init>(Proc.java:244)
	at hudson.Proc$LocalProc.<init>(Proc.java:216)
	at hudson.Launcher$LocalLauncher.launch(Launcher.java:763)
	at hudson.Launcher$ProcStarter.start(Launcher.java:353)
	at hudson.Launcher$ProcStarter.join(Launcher.java:360)
	at hudson.tasks.CommandInterpreter.perform(CommandInterpreter.java:91)
	at hudson.tasks.CommandInterpreter.perform(CommandInterpreter.java:60)
	at hudson.tasks.BuildStepMonitor$1.perform(BuildStepMonitor.java:19)
	at hudson.model.AbstractBuild$AbstractBuildExecution.perform(AbstractBuild.java:802)
	at hudson.model.Build$BuildExecution.build(Build.java:199)
	at hudson.model.Build$BuildExecution.doRun(Build.java:160)
	at hudson.model.AbstractBuild$AbstractBuildExecution.run(AbstractBuild.java:584)
	at hudson.model.Run.execute(Run.java:1575)
	at hudson.model.FreeStyleBuild.run(FreeStyleBuild.java:46)
	at hudson.model.ResourceController.execute(ResourceController.java:88)
	at hudson.model.Executor.run(Executor.java:237)
Caused by: java.io.IOException: error=2, No such file or directory
	at java.lang.UNIXProcess.forkAndExec(Native Method)
	at java.lang.UNIXProcess.<init>(UNIXProcess.java:53)
	at java.lang.ProcessImpl.start(ProcessImpl.java:91)
	at java.lang.ProcessBuilder.start(ProcessBuilder.java:452)
	... 16 more
Build step 'Execute Windows batch command' marked build as failure
Finished: FAILURE
